  Main.cpp
Main.obj : error LNK2019: símbolo externo __imp_glewInit sin resolver al que se hace referencia en la función main
Main.obj : error LNK2019: símbolo externo glfwInit sin resolver al que se hace referencia en la función main
Main.obj : error LNK2019: símbolo externo glfwTerminate sin resolver al que se hace referencia en la función main
Main.obj : error LNK2019: símbolo externo glfwWindowHint sin resolver al que se hace referencia en la función main
Main.obj : error LNK2019: símbolo externo glfwCreateWindow sin resolver al que se hace referencia en la función main
Main.obj : error LNK2019: símbolo externo glfwWindowShouldClose sin resolver al que se hace referencia en la función main
Main.obj : error LNK2019: símbolo externo glfwGetFramebufferSize sin resolver al que se hace referencia en la función main
Main.obj : error LNK2019: símbolo externo glfwPollEvents sin resolver al que se hace referencia en la función main
Main.obj : error LNK2019: símbolo externo glfwMakeContextCurrent sin resolver al que se hace referencia en la función main
Main.obj : error LNK2019: símbolo externo glfwSwapBuffers sin resolver al que se hace referencia en la función main
Main.obj : error LNK2019: símbolo externo __imp___glewBindBuffer sin resolver al que se hace referencia en la función main
Main.obj : error LNK2019: símbolo externo __imp___glewBufferData sin resolver al que se hace referencia en la función main
Main.obj : error LNK2019: símbolo externo __imp___glewGenBuffers sin resolver al que se hace referencia en la función main
Main.obj : error LNK2019: símbolo externo __imp___glewAttachShader sin resolver al que se hace referencia en la función "void __cdecl CrearShader(void)" (?CrearShader@@YAXXZ)
Main.obj : error LNK2019: símbolo externo __imp___glewCompileShader sin resolver al que se hace referencia en la función "void __cdecl CrearShader(void)" (?CrearShader@@YAXXZ)
Main.obj : error LNK2019: símbolo externo __imp___glewCreateProgram sin resolver al que se hace referencia en la función "void __cdecl CrearShader(void)" (?CrearShader@@YAXXZ)
Main.obj : error LNK2019: símbolo externo __imp___glewCreateShader sin resolver al que se hace referencia en la función "void __cdecl CrearShader(void)" (?CrearShader@@YAXXZ)
Main.obj : error LNK2019: símbolo externo __imp___glewDeleteShader sin resolver al que se hace referencia en la función "void __cdecl CrearShader(void)" (?CrearShader@@YAXXZ)
Main.obj : error LNK2019: símbolo externo __imp___glewEnableVertexAttribArray sin resolver al que se hace referencia en la función main
Main.obj : error LNK2019: símbolo externo __imp___glewGetProgramInfoLog sin resolver al que se hace referencia en la función "void __cdecl CrearShader(void)" (?CrearShader@@YAXXZ)
Main.obj : error LNK2019: símbolo externo __imp___glewGetProgramiv sin resolver al que se hace referencia en la función "void __cdecl CrearShader(void)" (?CrearShader@@YAXXZ)
Main.obj : error LNK2019: símbolo externo __imp___glewGetShaderInfoLog sin resolver al que se hace referencia en la función "void __cdecl CrearShader(void)" (?CrearShader@@YAXXZ)
Main.obj : error LNK2019: símbolo externo __imp___glewGetShaderiv sin resolver al que se hace referencia en la función "void __cdecl CrearShader(void)" (?CrearShader@@YAXXZ)
Main.obj : error LNK2019: símbolo externo __imp___glewLinkProgram sin resolver al que se hace referencia en la función "void __cdecl CrearShader(void)" (?CrearShader@@YAXXZ)
Main.obj : error LNK2019: símbolo externo __imp___glewShaderSource sin resolver al que se hace referencia en la función "void __cdecl CrearShader(void)" (?CrearShader@@YAXXZ)
Main.obj : error LNK2019: símbolo externo __imp___glewUseProgram sin resolver al que se hace referencia en la función "void __cdecl CrearShader(void)" (?CrearShader@@YAXXZ)
Main.obj : error LNK2019: símbolo externo __imp___glewVertexAttribPointer sin resolver al que se hace referencia en la función main
Main.obj : error LNK2019: símbolo externo __imp___glewBindVertexArray sin resolver al que se hace referencia en la función main
Main.obj : error LNK2019: símbolo externo __imp___glewGenVertexArrays sin resolver al que se hace referencia en la función main
Main.obj : error LNK2019: símbolo externo __imp_glewExperimental sin resolver al que se hace referencia en la función main
C:\Users\CGIH12\Desktop\Project1\\External Libraries\GLEW\lib\Release\Win32\glew32.lib : warning LNK4272: el tipo de máquina de biblioteca 'x86' está en conflicto con el tipo de máquina de destino 'x64'
C:\Users\CGIH12\Desktop\Project1\\External Libraries\GLFW\lib-vc2015\glfw3.lib : warning LNK4272: el tipo de máquina de biblioteca 'x86' está en conflicto con el tipo de máquina de destino 'x64'
C:\Users\CGIH12\Desktop\Project1\x64\Debug\Project1.exe : fatal error LNK1120: 30 externos sin resolver
